<?xml version="1.0" encoding="UTF-8"?>
<!-- Generated by org.testng.reporters.JUnitReportReporter -->
<testsuite hostname="BOOK-P0O1IG8UK3" failures="0" tests="1" name="com.qa.fifa.SearchTest" time="8.133" errors="0" timestamp="2023-02-23T00:10:42 EST" skipped="0">
  <testcase classname="com.qa.fifa.SearchTest" name="validateSearch" time="8.133"/>
  <system-out/>
</testsuite> <!-- com.qa.fifa.SearchTest -->
