<?xml version="1.0" encoding="UTF-8"?>
<!-- Generated by org.testng.reporters.JUnitReportReporter -->
<testsuite hostname="BOOK-P0O1IG8UK3" failures="0" tests="1" name="com.qa.fifa.SearchTest" time="7.313" errors="0" timestamp="2023-01-06T00:58:17 EST" skipped="0">
  <testcase classname="com.qa.fifa.SearchTest" name="validateSearch" time="7.313"/>
  <system-out/>
</testsuite> <!-- com.qa.fifa.SearchTest -->
